<?xml version="1.0" encoding="UTF-8"?>
<coverage generated="1669537438313" clover="3.2.0">
  <project timestamp="1669537438313" name="All files">
    <metrics statements="15" coveredstatements="14" conditionals="14" coveredconditionals="9" methods="3" coveredmethods="3" elements="32" coveredelements="26" complexity="0" loc="15" ncloc="15" packages="1" files="1" classes="1"/>
    <file name="balancedBinaryTree.js" path="/Users/irvin/Documents/githubrepos/PICollab/toy-problems/balanced-binary-tree/balancedBinaryTree.js">
      <metrics statements="15" coveredstatements="14" conditionals="14" coveredconditionals="9" methods="3" coveredmethods="3"/>
      <line num="3" count="12" type="cond" truecount="1" falsecount="1"/>
      <line num="4" count="12" type="cond" truecount="1" falsecount="1"/>
      <line num="5" count="12" type="cond" truecount="1" falsecount="1"/>
      <line num="41" count="1" type="stmt"/>
      <line num="42" count="1" type="stmt"/>
      <line num="43" count="1" type="stmt"/>
      <line num="44" count="15" type="cond" truecount="2" falsecount="0"/>
      <line num="45" count="8" type="stmt"/>
      <line num="47" count="7" type="stmt"/>
      <line num="49" count="7" type="stmt"/>
      <line num="51" count="7" type="cond" truecount="3" falsecount="1"/>
      <line num="53" count="0" type="stmt"/>
      <line num="55" count="7" type="cond" truecount="1" falsecount="1"/>
      <line num="58" count="1" type="stmt"/>
      <line num="59" count="1" type="stmt"/>
    </file>
  </project>
</coverage>
