{"/Users/irvin/Documents/githubrepos/PICollab/toy-problems/Valid_Anagram/validanagram.js": {"path":"/Users/irvin/Documents/githubrepos/PICollab/toy-problems/Valid_Anagram/validanagram.js","statementMap":{"0":{"start":{"line":43,"column":18},"end":{"line":64,"column":1}},"1":{"start":{"line":44,"column":2},"end":{"line":63,"column":3}},"2":{"start":{"line":45,"column":4},"end":{"line":45,"column":17}},"3":{"start":{"line":47,"column":20},"end":{"line":47,"column":22}},"4":{"start":{"line":48,"column":4},"end":{"line":54,"column":5}},"5":{"start":{"line":49,"column":6},"end":{"line":53,"column":7}},"6":{"start":{"line":50,"column":8},"end":{"line":50,"column":26}},"7":{"start":{"line":52,"column":8},"end":{"line":52,"column":27}},"8":{"start":{"line":55,"column":4},"end":{"line":61,"column":5}},"9":{"start":{"line":56,"column":6},"end":{"line":60,"column":7}},"10":{"start":{"line":57,"column":8},"end":{"line":57,"column":21}},"11":{"start":{"line":59,"column":8},"end":{"line":59,"column":27}},"12":{"start":{"line":62,"column":4},"end":{"line":62,"column":16}}},"fnMap":{"0":{"name":"(anonymous_0)","decl":{"start":{"line":43,"column":18},"end":{"line":43,"column":19}},"loc":{"start":{"line":43,"column":34},"end":{"line":64,"column":1}},"line":43}},"branchMap":{"0":{"loc":{"start":{"line":44,"column":2},"end":{"line":63,"column":3}},"type":"if","locations":[{"start":{"line":44,"column":2},"end":{"line":63,"column":3}},{"start":{"line":46,"column":9},"end":{"line":63,"column":3}}],"line":44},"1":{"loc":{"start":{"line":49,"column":6},"end":{"line":53,"column":7}},"type":"if","locations":[{"start":{"line":49,"column":6},"end":{"line":53,"column":7}},{"start":{"line":51,"column":13},"end":{"line":53,"column":7}}],"line":49},"2":{"loc":{"start":{"line":56,"column":6},"end":{"line":60,"column":7}},"type":"if","locations":[{"start":{"line":56,"column":6},"end":{"line":60,"column":7}},{"start":{"line":58,"column":13},"end":{"line":60,"column":7}}],"line":56}},"s":{"0":1,"1":0,"2":0,"3":0,"4":0,"5":0,"6":0,"7":0,"8":0,"9":0,"10":0,"11":0,"12":0},"f":{"0":0},"b":{"0":[0,0],"1":[0,0],"2":[0,0]},"_coverageSchema":"1a1c01bbd47fc00a2c39e90264f33305004495a9","hash":"a2fe6ea2dcfe18c9bf0c2c41a9e4a0e484d41d1a"}
}
