{"/Users/irvin/Documents/githubrepos/PICollab/toy-problems/balanced-binary-tree/balancedBinaryTree.js": {"path":"/Users/irvin/Documents/githubrepos/PICollab/toy-problems/balanced-binary-tree/balancedBinaryTree.js","statementMap":{"0":{"start":{"line":3,"column":2},"end":{"line":3,"column":43}},"1":{"start":{"line":4,"column":2},"end":{"line":4,"column":49}},"2":{"start":{"line":5,"column":2},"end":{"line":5,"column":52}},"3":{"start":{"line":41,"column":19},"end":{"line":60,"column":1}},"4":{"start":{"line":42,"column":23},"end":{"line":42,"column":27}},"5":{"start":{"line":43,"column":18},"end":{"line":57,"column":3}},"6":{"start":{"line":44,"column":4},"end":{"line":56,"column":5}},"7":{"start":{"line":45,"column":6},"end":{"line":45,"column":19}},"8":{"start":{"line":47,"column":24},"end":{"line":47,"column":53}},"9":{"start":{"line":49,"column":25},"end":{"line":49,"column":55}},"10":{"start":{"line":51,"column":6},"end":{"line":54,"column":7}},"11":{"start":{"line":53,"column":8},"end":{"line":53,"column":31}},"12":{"start":{"line":55,"column":6},"end":{"line":55,"column":61}},"13":{"start":{"line":58,"column":2},"end":{"line":58,"column":19}},"14":{"start":{"line":59,"column":2},"end":{"line":59,"column":24}}},"fnMap":{"0":{"name":"TreeNode","decl":{"start":{"line":2,"column":9},"end":{"line":2,"column":17}},"loc":{"start":{"line":2,"column":37},"end":{"line":6,"column":1}},"line":2},"1":{"name":"(anonymous_1)","decl":{"start":{"line":41,"column":19},"end":{"line":41,"column":20}},"loc":{"start":{"line":41,"column":35},"end":{"line":60,"column":1}},"line":41},"2":{"name":"(anonymous_2)","decl":{"start":{"line":43,"column":18},"end":{"line":43,"column":19}},"loc":{"start":{"line":43,"column":35},"end":{"line":57,"column":3}},"line":43}},"branchMap":{"0":{"loc":{"start":{"line":3,"column":14},"end":{"line":3,"column":41}},"type":"cond-expr","locations":[{"start":{"line":3,"column":34},"end":{"line":3,"column":35}},{"start":{"line":3,"column":38},"end":{"line":3,"column":41}}],"line":3},"1":{"loc":{"start":{"line":4,"column":15},"end":{"line":4,"column":47}},"type":"cond-expr","locations":[{"start":{"line":4,"column":36},"end":{"line":4,"column":40}},{"start":{"line":4,"column":43},"end":{"line":4,"column":47}}],"line":4},"2":{"loc":{"start":{"line":5,"column":16},"end":{"line":5,"column":50}},"type":"cond-expr","locations":[{"start":{"line":5,"column":38},"end":{"line":5,"column":42}},{"start":{"line":5,"column":45},"end":{"line":5,"column":50}}],"line":5},"3":{"loc":{"start":{"line":44,"column":4},"end":{"line":56,"column":5}},"type":"if","locations":[{"start":{"line":44,"column":4},"end":{"line":56,"column":5}},{"start":{"line":46,"column":11},"end":{"line":56,"column":5}}],"line":44},"4":{"loc":{"start":{"line":51,"column":6},"end":{"line":54,"column":7}},"type":"if","locations":[{"start":{"line":51,"column":6},"end":{"line":54,"column":7}},{"start":{},"end":{}}],"line":51},"5":{"loc":{"start":{"line":51,"column":10},"end":{"line":51,"column":64}},"type":"binary-expr","locations":[{"start":{"line":51,"column":10},"end":{"line":51,"column":24}},{"start":{"line":51,"column":28},"end":{"line":51,"column":64}}],"line":51},"6":{"loc":{"start":{"line":55,"column":13},"end":{"line":55,"column":60}},"type":"cond-expr","locations":[{"start":{"line":55,"column":38},"end":{"line":55,"column":48}},{"start":{"line":55,"column":51},"end":{"line":55,"column":60}}],"line":55}},"s":{"0":12,"1":12,"2":12,"3":1,"4":1,"5":1,"6":15,"7":8,"8":7,"9":7,"10":7,"11":0,"12":7,"13":1,"14":1},"f":{"0":12,"1":1,"2":15},"b":{"0":[0,12],"1":[12,0],"2":[12,0],"3":[8,7],"4":[0,7],"5":[7,7],"6":[0,7]},"_coverageSchema":"1a1c01bbd47fc00a2c39e90264f33305004495a9","hash":"99375fe7e731ee1b3cee8ae02cc54be6fb09b553"}
}
