TN:
SF:utils2.js
FN:1,(anonymous_0)
FN:4,(anonymous_1)
FNF:2
FNH:2
FNDA:3,(anonymous_0)
FNDA:9,(anonymous_1)
DA:1,1
DA:2,3
DA:3,3
DA:4,3
DA:5,9
DA:6,9
DA:7,4
DA:8,3
DA:9,3
DA:11,4
DA:12,3
DA:13,3
DA:17,3
DA:18,3
LF:14
LH:14
BRDA:6,0,0,4
BRDA:6,0,1,5
BRDA:7,1,0,3
BRDA:7,1,1,1
BRDA:11,2,0,3
BRDA:11,2,1,1
BRF:6
BRH:6
end_of_record
TN:
SF:Valid_Parentheses/validparentheses.js
FN:32,(anonymous_0)
FNF:1
FNH:1
FNDA:12,(anonymous_0)
DA:32,1
DA:33,12
DA:34,1
DA:36,11
DA:37,20
DA:39,8
DA:40,1
DA:42,7
DA:44,7
DA:45,3
DA:47,4
DA:49,5
DA:50,2
DA:52,3
DA:54,0
DA:57,5
LF:16
LH:15
BRDA:33,0,0,1
BRDA:33,0,1,11
BRDA:37,1,0,8
BRDA:37,1,1,7
BRDA:37,1,2,5
BRDA:37,1,3,0
BRDA:39,2,0,1
BRDA:39,2,1,7
BRDA:44,3,0,3
BRDA:44,3,1,4
BRDA:49,4,0,2
BRDA:49,4,1,3
BRF:12
BRH:11
end_of_record
TN:
SF:balanced-binary-tree/balancedBinaryTree.js
FN:2,TreeNode
FN:13,(anonymous_1)
FN:15,(anonymous_2)
FNF:3
FNH:2
FNDA:0,TreeNode
FNDA:3,(anonymous_1)
FNDA:21,(anonymous_2)
DA:3,0
DA:4,0
DA:5,0
DA:13,1
DA:14,3
DA:15,3
DA:16,21
DA:17,12
DA:19,9
DA:20,9
DA:21,9
DA:22,0
DA:24,9
DA:27,3
DA:28,3
LF:15
LH:11
BRDA:3,0,0,0
BRDA:3,0,1,0
BRDA:4,1,0,0
BRDA:4,1,1,0
BRDA:5,2,0,0
BRDA:5,2,1,0
BRDA:16,3,0,12
BRDA:16,3,1,9
BRDA:21,4,0,0
BRDA:21,4,1,9
BRDA:21,5,0,9
BRDA:21,5,1,9
BRDA:24,6,0,0
BRDA:24,6,1,9
BRF:14
BRH:6
end_of_record
