TN:
SF:balanced-binary-tree/balancedBinaryTree.js
FN:2,TreeNode
FN:41,(anonymous_1)
FN:43,(anonymous_2)
FNF:3
FNH:3
FNDA:12,TreeNode
FNDA:1,(anonymous_1)
FNDA:15,(anonymous_2)
DA:3,12
DA:4,12
DA:5,12
DA:41,1
DA:42,1
DA:43,1
DA:44,15
DA:45,8
DA:47,7
DA:49,7
DA:51,7
DA:53,0
DA:55,7
DA:58,1
DA:59,1
LF:15
LH:14
BRDA:3,0,0,0
BRDA:3,0,1,12
BRDA:4,1,0,12
BRDA:4,1,1,0
BRDA:5,2,0,12
BRDA:5,2,1,0
BRDA:44,3,0,8
BRDA:44,3,1,7
BRDA:51,4,0,0
BRDA:51,4,1,7
BRDA:51,5,0,7
BRDA:51,5,1,7
BRDA:55,6,0,0
BRDA:55,6,1,7
BRF:14
BRH:9
end_of_record
